0 info it worked if it ends with ok
1 verbose cli [ 'C:\\Program Files\\nodejs\\\\node.exe',
1 verbose cli   'C:\\Program Files\\nodejs\\node_modules\\npm\\bin\\npm-cli.js',
1 verbose cli   'install',
1 verbose cli   'bootstrap' ]
2 info using npm@1.3.21
3 info using node@v0.10.24
4 verbose node symlink C:\Program Files\nodejs\\node.exe
5 verbose cache add [ 'bootstrap', null ]
6 verbose cache add name=undefined spec="bootstrap" args=["bootstrap",null]
7 verbose parsed url { protocol: null,
7 verbose parsed url   slashes: null,
7 verbose parsed url   auth: null,
7 verbose parsed url   host: null,
7 verbose parsed url   port: null,
7 verbose parsed url   hostname: null,
7 verbose parsed url   hash: null,
7 verbose parsed url   search: null,
7 verbose parsed url   query: null,
7 verbose parsed url   pathname: 'bootstrap',
7 verbose parsed url   path: 'bootstrap',
7 verbose parsed url   href: 'bootstrap' }
8 silly lockFile 3c71cc99-bootstrap bootstrap
9 verbose lock bootstrap C:\Users\jenni\AppData\Roaming\npm-cache\3c71cc99-bootstrap.lock
10 silly lockFile 3c71cc99-bootstrap bootstrap
11 silly lockFile 3c71cc99-bootstrap bootstrap
12 verbose addNamed [ 'bootstrap', '' ]
13 verbose addNamed [ null, '*' ]
14 silly lockFile 2571d98f-bootstrap bootstrap@
15 verbose lock bootstrap@ C:\Users\jenni\AppData\Roaming\npm-cache\2571d98f-bootstrap.lock
16 silly addNameRange { name: 'bootstrap', range: '*', hasData: false }
17 verbose url raw bootstrap
18 verbose url resolving [ 'https://registry.npmjs.org/', './bootstrap' ]
19 verbose url resolved https://registry.npmjs.org/bootstrap
20 info trying registry request attempt 1 at 20:59:06
21 http GET https://registry.npmjs.org/bootstrap
22 info retry will retry, error on last attempt: Error: CERT_UNTRUSTED
23 info trying registry request attempt 2 at 20:59:16
24 http GET https://registry.npmjs.org/bootstrap
25 info retry will retry, error on last attempt: Error: CERT_UNTRUSTED
26 info trying registry request attempt 3 at 21:00:16
27 http GET https://registry.npmjs.org/bootstrap
28 silly lockFile 2571d98f-bootstrap bootstrap@
29 silly lockFile 2571d98f-bootstrap bootstrap@
30 error Error: CERT_UNTRUSTED
30 error     at SecurePair.<anonymous> (tls.js:1370:32)
30 error     at SecurePair.EventEmitter.emit (events.js:92:17)
30 error     at SecurePair.maybeInitFinished (tls.js:982:10)
30 error     at CleartextStream.read [as _read] (tls.js:469:13)
30 error     at CleartextStream.Readable.read (_stream_readable.js:320:10)
30 error     at EncryptedStream.write [as _write] (tls.js:366:25)
30 error     at doWrite (_stream_writable.js:221:10)
30 error     at writeOrBuffer (_stream_writable.js:211:5)
30 error     at EncryptedStream.Writable.write (_stream_writable.js:180:11)
30 error     at write (_stream_readable.js:583:24)
31 error If you need help, you may report this *entire* log,
31 error including the npm and node versions, at:
31 error     <http://github.com/isaacs/npm/issues>
32 error System Windows_NT 6.2.9200
33 error command "C:\\Program Files\\nodejs\\\\node.exe" "C:\\Program Files\\nodejs\\node_modules\\npm\\bin\\npm-cli.js" "install" "bootstrap"
34 error cwd C:\Users\jenni\leecountysite
35 error node -v v0.10.24
36 error npm -v 1.3.21
37 verbose exit [ 1, true ]
